0 info it worked if it ends with ok
1 verbose cli [ 'C:\\Program Files\\nodejs\\\\node.exe',
1 verbose cli   'C:\\Program Files\\nodejs\\node_modules\\npm\\bin\\npm-cli.js',
1 verbose cli   'install',
1 verbose cli   'hexo-mirgrator-wordpress',
1 verbose cli   '--save' ]
2 info using npm@1.4.28
3 info using node@v0.10.34
4 verbose node symlink C:\Program Files\nodejs\\node.exe
5 verbose readDependencies using package.json deps
6 verbose cache add [ 'hexo-mirgrator-wordpress', null ]
7 verbose cache add name=undefined spec="hexo-mirgrator-wordpress" args=["hexo-mirgrator-wordpress",null]
8 verbose parsed url { protocol: null,
8 verbose parsed url   slashes: null,
8 verbose parsed url   auth: null,
8 verbose parsed url   host: null,
8 verbose parsed url   port: null,
8 verbose parsed url   hostname: null,
8 verbose parsed url   hash: null,
8 verbose parsed url   search: null,
8 verbose parsed url   query: null,
8 verbose parsed url   pathname: 'hexo-mirgrator-wordpress',
8 verbose parsed url   path: 'hexo-mirgrator-wordpress',
8 verbose parsed url   href: 'hexo-mirgrator-wordpress' }
9 silly lockFile 1996a032-hexo-mirgrator-wordpress hexo-mirgrator-wordpress
10 verbose lock hexo-mirgrator-wordpress C:\Users\Administrator\AppData\Roaming\npm-cache\1996a032-hexo-mirgrator-wordpress.lock
11 silly lockFile 1996a032-hexo-mirgrator-wordpress hexo-mirgrator-wordpress
12 silly lockFile 1996a032-hexo-mirgrator-wordpress hexo-mirgrator-wordpress
13 verbose addNamed [ 'hexo-mirgrator-wordpress', '' ]
14 verbose addNamed [ null, '*' ]
15 silly lockFile 4e795d20-hexo-mirgrator-wordpress hexo-mirgrator-wordpress@
16 verbose lock hexo-mirgrator-wordpress@ C:\Users\Administrator\AppData\Roaming\npm-cache\4e795d20-hexo-mirgrator-wordpress.lock
17 silly addNameRange { name: 'hexo-mirgrator-wordpress', range: '*', hasData: false }
18 verbose request where is /hexo-mirgrator-wordpress
19 verbose request registry https://registry.npmjs.org/
20 verbose request id 0c73baa8feda2e9e
21 verbose url raw /hexo-mirgrator-wordpress
22 verbose url resolving [ 'https://registry.npmjs.org/', './hexo-mirgrator-wordpress' ]
23 verbose url resolved https://registry.npmjs.org/hexo-mirgrator-wordpress
24 verbose request where is https://registry.npmjs.org/hexo-mirgrator-wordpress
25 info trying registry request attempt 1 at 20:08:38
26 http GET https://registry.npmjs.org/hexo-mirgrator-wordpress
27 http 404 https://registry.npmjs.org/hexo-mirgrator-wordpress
28 verbose headers { date: 'Sat, 20 Dec 2014 12:08:40 GMT',
28 verbose headers   server: 'CouchDB/1.5.0 (Erlang OTP/R16B03)',
28 verbose headers   'content-type': 'application/json',
28 verbose headers   'cache-control': 'max-age=0',
28 verbose headers   'content-length': '52',
28 verbose headers   'accept-ranges': 'bytes',
28 verbose headers   via: '1.1 varnish',
28 verbose headers   age: '0',
28 verbose headers   'x-served-by': 'cache-ty67-TYO',
28 verbose headers   'x-cache': 'MISS',
28 verbose headers   'x-cache-hits': '0',
28 verbose headers   'x-timer': 'S1419077320.328539,VS0,VE112',
28 verbose headers   'keep-alive': 'timeout=10, max=50',
28 verbose headers   connection: 'Keep-Alive' }
29 silly registry.get cb [ 404,
29 silly registry.get   { date: 'Sat, 20 Dec 2014 12:08:40 GMT',
29 silly registry.get     server: 'CouchDB/1.5.0 (Erlang OTP/R16B03)',
29 silly registry.get     'content-type': 'application/json',
29 silly registry.get     'cache-control': 'max-age=0',
29 silly registry.get     'content-length': '52',
29 silly registry.get     'accept-ranges': 'bytes',
29 silly registry.get     via: '1.1 varnish',
29 silly registry.get     age: '0',
29 silly registry.get     'x-served-by': 'cache-ty67-TYO',
29 silly registry.get     'x-cache': 'MISS',
29 silly registry.get     'x-cache-hits': '0',
29 silly registry.get     'x-timer': 'S1419077320.328539,VS0,VE112',
29 silly registry.get     'keep-alive': 'timeout=10, max=50',
29 silly registry.get     connection: 'Keep-Alive' } ]
30 silly lockFile 4e795d20-hexo-mirgrator-wordpress hexo-mirgrator-wordpress@
31 silly lockFile 4e795d20-hexo-mirgrator-wordpress hexo-mirgrator-wordpress@
32 error 404 404 Not Found: hexo-mirgrator-wordpress
32 error 404
32 error 404 'hexo-mirgrator-wordpress' is not in the npm registry.
32 error 404 You should bug the author to publish it
32 error 404 It was specified as a dependency of 'hexo-site'
32 error 404
32 error 404 Note that you can also install from a
32 error 404 tarball, folder, or http url, or git url.
33 error System Windows_NT 6.2.9200
34 error command "C:\\Program Files\\nodejs\\\\node.exe" "C:\\Program Files\\nodejs\\node_modules\\npm\\bin\\npm-cli.js" "install" "hexo-mirgrator-wordpress" "--save"
35 error cwd B:\blog
36 error node -v v0.10.34
37 error npm -v 1.4.28
38 error code E404
39 verbose exit [ 1, true ]
